[debug] [2024-01-20T22:51:03.915Z] ----------------------------------------------------------------------
[debug] [2024-01-20T22:51:03.915Z] Command:       /usr/local/bin/node /usr/local/bin/firebase functions:shell
[debug] [2024-01-20T22:51:03.916Z] CLI Version:   12.4.7
[debug] [2024-01-20T22:51:03.916Z] Platform:      darwin
[debug] [2024-01-20T22:51:03.916Z] Node Version:  v18.16.0
[debug] [2024-01-20T22:51:03.917Z] Time:          Sat Jan 20 2024 17:51:03 GMT-0500 (Eastern Standard Time)
[debug] [2024-01-20T22:51:03.917Z] ----------------------------------------------------------------------
[debug] 
[debug] [2024-01-20T22:51:03.946Z] > command requires scopes: ["email","openid","https://www.googleapis.com/auth/cloudplatformprojects.readonly","https://www.googleapis.com/auth/firebase","https://www.googleapis.com/auth/cloud-platform"]
[debug] [2024-01-20T22:51:03.946Z] > authorizing via signed-in user (daninterefe@gmail.com)
[debug] [2024-01-20T22:51:03.946Z] [iam] checking project e-clone-2c2a3 for permissions ["firebase.projects.get"]
[debug] [2024-01-20T22:51:03.947Z] > refreshing access token with scopes: []
[debug] [2024-01-20T22:51:03.947Z] >>> [apiv2][query] POST https://www.googleapis.com/oauth2/v3/token [none]
[debug] [2024-01-20T22:51:03.947Z] >>> [apiv2][body] POST https://www.googleapis.com/oauth2/v3/token [omitted]
[debug] [2024-01-20T22:51:04.093Z] <<< [apiv2][status] POST https://www.googleapis.com/oauth2/v3/token 200
[debug] [2024-01-20T22:51:04.094Z] <<< [apiv2][body] POST https://www.googleapis.com/oauth2/v3/token [omitted]
[debug] [2024-01-20T22:51:04.126Z] >>> [apiv2][query] POST https://cloudresourcemanager.googleapis.com/v1/projects/e-clone-2c2a3:testIamPermissions [none]
[debug] [2024-01-20T22:51:04.127Z] >>> [apiv2][(partial)header] POST https://cloudresourcemanager.googleapis.com/v1/projects/e-clone-2c2a3:testIamPermissions x-goog-quota-user=projects/e-clone-2c2a3
[debug] [2024-01-20T22:51:04.127Z] >>> [apiv2][body] POST https://cloudresourcemanager.googleapis.com/v1/projects/e-clone-2c2a3:testIamPermissions {"permissions":["firebase.projects.get"]}
[debug] [2024-01-20T22:51:04.280Z] <<< [apiv2][status] POST https://cloudresourcemanager.googleapis.com/v1/projects/e-clone-2c2a3:testIamPermissions 200
[debug] [2024-01-20T22:51:04.280Z] <<< [apiv2][body] POST https://cloudresourcemanager.googleapis.com/v1/projects/e-clone-2c2a3:testIamPermissions {"permissions":["firebase.projects.get"]}
[debug] [2024-01-20T22:51:04.370Z] [functions] Functions Emulator only supports listening on one address (127.0.0.1). Not listening on ::1
[debug] [2024-01-20T22:51:04.370Z] defaultcredentials: writing to file /Users/danielt/.config/firebase/daninterefe_gmail_com_application_default_credentials.json
[debug] [2024-01-20T22:51:04.371Z] DEBUG: Setting GAC to /Users/danielt/.config/firebase/daninterefe_gmail_com_application_default_credentials.json
[debug] [2024-01-20T22:51:04.371Z] >>> [apiv2][query] GET https://firebase.googleapis.com/v1beta1/projects/e-clone-2c2a3/adminSdkConfig [none]
[debug] [2024-01-20T22:51:04.666Z] <<< [apiv2][status] GET https://firebase.googleapis.com/v1beta1/projects/e-clone-2c2a3/adminSdkConfig 200
[debug] [2024-01-20T22:51:04.667Z] <<< [apiv2][body] GET https://firebase.googleapis.com/v1beta1/projects/e-clone-2c2a3/adminSdkConfig {"projectId":"e-clone-2c2a3","storageBucket":"e-clone-2c2a3.appspot.com"}
[debug] [2024-01-20T22:51:04.682Z] [functions] Watching "/Users/danielt/Desktop/EVANGADI/Projects/amazone-clone/functions" for Cloud Functions...
[debug] [2024-01-20T22:51:04.687Z] Validating nodejs source
[debug] [2024-01-20T22:51:05.391Z] > [functions] package.json contents: {
  "name": "functions",
  "description": "Cloud Functions for Firebase",
  "scripts": {
    "lint": "eslint .",
    "serve": "firebase emulators:start --only functions",
    "shell": "firebase functions:shell",
    "start": "npm run shell",
    "deploy": "firebase deploy --only functions",
    "logs": "firebase functions:log"
  },
  "engines": {
    "node": "18"
  },
  "main": "index.js",
  "dependencies": {
    "firebase-admin": "^11.8.0",
    "firebase-functions": "^4.3.1",
    "stripe": "^14.13.0"
  },
  "devDependencies": {
    "eslint": "^8.15.0",
    "eslint-config-google": "^0.14.0",
    "firebase-functions-test": "^3.1.0"
  },
  "private": true
}
[debug] [2024-01-20T22:51:05.391Z] Building nodejs source
[debug] [2024-01-20T22:51:05.391Z] Failed to find version of module node: reached end of search path /Users/danielt/Desktop/EVANGADI/Projects/amazone-clone/functions/node_modules
[info] ✔  functions: Using node@18 from host. 
[debug] [2024-01-20T22:51:05.393Z] Could not find functions.yaml. Must use http discovery
[debug] [2024-01-20T22:51:05.398Z] Found firebase-functions binary at '/Users/danielt/Desktop/EVANGADI/Projects/amazone-clone/functions/node_modules/.bin/firebase-functions'
[info] Serving at port 8185

[debug] [2024-01-20T22:51:05.636Z] Got response from /__/functions.yaml {"endpoints":{"api":{"platform":"gcfv1","availableMemoryMb":null,"timeoutSeconds":null,"minInstances":null,"maxInstances":null,"ingressSettings":null,"serviceAccountEmail":null,"vpc":null,"httpsTrigger":{},"entryPoint":"api"}},"specVersion":"v1alpha1","requiredAPIs":[]}
[debug] [2024-01-20T22:51:05.643Z] [functions] Loaded functions definitions from source: api.
[debug] [2024-01-20T22:51:05.644Z] [functions[us-central1-api]] http function initialized (http://127.0.0.1:5000/e-clone-2c2a3/us-central1/api).
[info] i  functions: Loaded functions: api 
[warn] ⚠  functions: The following emulators are not running, calls to these services will affect production: firestore, database, pubsub, storage, eventarc 
